Determining if the pthread_create exist failed with the following output:
Change Dir: /home/ekosky/catkin_ws_indigo/src/hexaplus_tutorial/CMakeFiles/CMakeTmp

Run Build Command:/usr/bin/make "cmTryCompileExec83117156/fast"
/usr/bin/make -f CMakeFiles/cmTryCompileExec83117156.dir/build.make CMakeFiles/cmTryCompileExec83117156.dir/build
make[1]: Entrando no diretório `/home/ekosky/catkin_ws_indigo/src/hexaplus_tutorial/CMakeFiles/CMakeTmp'
/usr/bin/cmake -E cmake_progress_report /home/ekosky/catkin_ws_indigo/src/hexaplus_tutorial/CMakeFiles/CMakeTmp/CMakeFiles 1
Building C object CMakeFiles/cmTryCompileExec83117156.dir/CheckSymbolExists.c.o
/usr/bin/cc    -o CMakeFiles/cmTryCompileExec83117156.dir/CheckSymbolExists.c.o   -c /home/ekosky/catkin_ws_indigo/src/hexaplus_tutorial/CMakeFiles/CMakeTmp/CheckSymbolExists.c
Linking C executable cmTryCompileExec83117156
/usr/bin/cmake -E cmake_link_script CMakeFiles/cmTryCompileExec83117156.dir/link.txt --verbose=1
/usr/bin/cc       CMakeFiles/cmTryCompileExec83117156.dir/CheckSymbolExists.c.o  -o cmTryCompileExec83117156 -rdynamic 
CMakeFiles/cmTryCompileExec83117156.dir/CheckSymbolExists.c.o: na função `main':
CheckSymbolExists.c:(.text+0x16): referência indefinida para `pthread_create'
collect2: error: ld returned 1 exit status
make[1]: ** [cmTryCompileExec83117156] Erro 1
make[1]: Saindo do diretório `/home/ekosky/catkin_ws_indigo/src/hexaplus_tutorial/CMakeFiles/CMakeTmp'
make: ** [cmTryCompileExec83117156/fast] Erro 2

File /home/ekosky/catkin_ws_indigo/src/hexaplus_tutorial/CMakeFiles/CMakeTmp/CheckSymbolExists.c:
/* */
#include <pthread.h>

int main(int argc, char** argv)
{
  (void)argv;
#ifndef pthread_create
  return ((int*)(&pthread_create))[argc];
#else
  (void)argc;
  return 0;
#endif
}

Determining if the function pthread_create exists in the pthreads failed with the following output:
Change Dir: /home/ekosky/catkin_ws_indigo/src/hexaplus_tutorial/CMakeFiles/CMakeTmp

Run Build Command:/usr/bin/make "cmTryCompileExec2289116100/fast"
/usr/bin/make -f CMakeFiles/cmTryCompileExec2289116100.dir/build.make CMakeFiles/cmTryCompileExec2289116100.dir/build
make[1]: Entrando no diretório `/home/ekosky/catkin_ws_indigo/src/hexaplus_tutorial/CMakeFiles/CMakeTmp'
/usr/bin/cmake -E cmake_progress_report /home/ekosky/catkin_ws_indigo/src/hexaplus_tutorial/CMakeFiles/CMakeTmp/CMakeFiles 1
Building C object CMakeFiles/cmTryCompileExec2289116100.dir/CheckFunctionExists.c.o
/usr/bin/cc   -DCHECK_FUNCTION_EXISTS=pthread_create   -o CMakeFiles/cmTryCompileExec2289116100.dir/CheckFunctionExists.c.o   -c /usr/share/cmake-2.8/Modules/CheckFunctionExists.c
Linking C executable cmTryCompileExec2289116100
/usr/bin/cmake -E cmake_link_script CMakeFiles/cmTryCompileExec2289116100.dir/link.txt --verbose=1
/usr/bin/cc   -DCHECK_FUNCTION_EXISTS=pthread_create    CMakeFiles/cmTryCompileExec2289116100.dir/CheckFunctionExists.c.o  -o cmTryCompileExec2289116100 -rdynamic -lpthreads 
/usr/bin/ld: não foi possível encontrar -lpthreads
collect2: error: ld returned 1 exit status
make[1]: ** [cmTryCompileExec2289116100] Erro 1
make[1]: Saindo do diretório `/home/ekosky/catkin_ws_indigo/src/hexaplus_tutorial/CMakeFiles/CMakeTmp'
make: ** [cmTryCompileExec2289116100/fast] Erro 2


